TN:
SF:vieclamtheogio\admin.js
FN:17,(anonymous_0)
FN:70,(anonymous_1)
FN:125,(anonymous_2)
FN:182,(anonymous_3)
FN:231,(anonymous_4)
FN:266,(anonymous_5)
FN:286,(anonymous_6)
FN:318,(anonymous_7)
FN:325,(anonymous_8)
FN:430,(anonymous_9)
FN:481,(anonymous_10)
FN:491,(anonymous_11)
FN:513,(anonymous_12)
FN:611,(anonymous_13)
FN:710,(anonymous_14)
FN:732,(anonymous_15)
FN:793,(anonymous_16)
FN:856,(anonymous_17)
FN:878,(anonymous_18)
FN:993,(anonymous_19)
FN:1157,(anonymous_20)
FN:1316,(anonymous_21)
FN:1338,(anonymous_22)
FN:1372,(anonymous_23)
FN:1395,(anonymous_24)
FN:1421,(anonymous_25)
FN:1454,(anonymous_26)
FN:1481,(anonymous_27)
FN:1486,(anonymous_28)
FNF:29
FNH:1
FNDA:0,(anonymous_0)
FNDA:0,(anonymous_1)
FNDA:0,(anonymous_2)
FNDA:0,(anonymous_3)
FNDA:0,(anonymous_4)
FNDA:0,(anonymous_5)
FNDA:0,(anonymous_6)
FNDA:0,(anonymous_7)
FNDA:0,(anonymous_8)
FNDA:0,(anonymous_9)
FNDA:0,(anonymous_10)
FNDA:0,(anonymous_11)
FNDA:0,(anonymous_12)
FNDA:0,(anonymous_13)
FNDA:0,(anonymous_14)
FNDA:0,(anonymous_15)
FNDA:0,(anonymous_16)
FNDA:0,(anonymous_17)
FNDA:0,(anonymous_18)
FNDA:0,(anonymous_19)
FNDA:0,(anonymous_20)
FNDA:0,(anonymous_21)
FNDA:6,(anonymous_22)
FNDA:0,(anonymous_23)
FNDA:0,(anonymous_24)
FNDA:0,(anonymous_25)
FNDA:0,(anonymous_26)
FNDA:0,(anonymous_27)
FNDA:0,(anonymous_28)
DA:1,1
DA:2,1
DA:3,1
DA:4,1
DA:5,1
DA:6,1
DA:7,1
DA:8,1
DA:9,1
DA:10,1
DA:11,1
DA:12,1
DA:13,1
DA:14,1
DA:15,1
DA:17,1
DA:18,0
DA:19,0
DA:21,0
DA:22,0
DA:26,0
DA:27,0
DA:28,0
DA:32,0
DA:33,0
DA:36,0
DA:37,0
DA:40,0
DA:56,0
DA:58,0
DA:65,0
DA:70,1
DA:71,0
DA:72,0
DA:73,0
DA:74,0
DA:81,0
DA:82,0
DA:87,0
DA:88,0
DA:109,0
DA:110,0
DA:114,0
DA:116,0
DA:118,0
DA:120,0
DA:125,1
DA:126,0
DA:127,0
DA:128,0
DA:129,0
DA:131,0
DA:139,0
DA:155,0
DA:156,0
DA:177,0
DA:178,0
DA:182,1
DA:183,0
DA:184,0
DA:186,0
DA:187,0
DA:189,0
DA:190,0
DA:219,0
DA:221,0
DA:222,0
DA:224,0
DA:225,0
DA:227,0
DA:231,1
DA:232,0
DA:233,0
DA:234,0
DA:235,0
DA:236,0
DA:237,0
DA:238,0
DA:239,0
DA:243,0
DA:244,0
DA:251,0
DA:252,0
DA:254,0
DA:256,0
DA:258,0
DA:260,0
DA:262,0
DA:266,1
DA:267,0
DA:268,0
DA:269,0
DA:270,0
DA:275,0
DA:276,0
DA:278,0
DA:280,0
DA:282,0
DA:286,1
DA:287,0
DA:288,0
DA:289,0
DA:290,0
DA:291,0
DA:292,0
DA:293,0
DA:294,0
DA:301,0
DA:302,0
DA:304,0
DA:306,0
DA:312,0
DA:314,0
DA:318,1
DA:319,0
DA:321,0
DA:325,1
DA:326,0
DA:337,0
DA:338,0
DA:339,0
DA:340,0
DA:341,0
DA:342,0
DA:345,0
DA:349,0
DA:350,0
DA:351,0
DA:352,0
DA:354,0
DA:358,0
DA:359,0
DA:360,0
DA:362,0
DA:363,0
DA:364,0
DA:365,0
DA:366,0
DA:367,0
DA:370,0
DA:371,0
DA:408,0
DA:409,0
DA:410,0
DA:411,0
DA:416,0
DA:418,0
DA:421,0
DA:426,0
DA:430,1
DA:431,0
DA:432,0
DA:433,0
DA:456,0
DA:457,0
DA:458,0
DA:459,0
DA:466,0
DA:467,0
DA:468,0
DA:469,0
DA:473,0
DA:474,0
DA:476,0
DA:477,0
DA:478,0
DA:479,0
DA:480,0
DA:481,0
DA:482,0
DA:483,0
DA:487,0
DA:488,0
DA:489,0
DA:490,0
DA:491,0
DA:492,0
DA:493,0
DA:497,0
DA:498,0
DA:499,0
DA:501,0
DA:506,0
DA:508,0
DA:509,0
DA:513,1
DA:514,0
DA:527,0
DA:528,0
DA:544,0
DA:545,0
DA:546,0
DA:547,0
DA:548,0
DA:549,0
DA:550,0
DA:551,0
DA:552,0
DA:553,0
DA:554,0
DA:555,0
DA:561,0
DA:564,0
DA:565,0
DA:566,0
DA:567,0
DA:568,0
DA:569,0
DA:570,0
DA:588,0
DA:589,0
DA:590,0
DA:596,0
DA:597,0
DA:599,0
DA:601,0
DA:603,0
DA:605,0
DA:607,0
DA:611,1
DA:612,0
DA:627,0
DA:628,0
DA:644,0
DA:645,0
DA:646,0
DA:647,0
DA:648,0
DA:649,0
DA:650,0
DA:651,0
DA:652,0
DA:653,0
DA:654,0
DA:660,0
DA:663,0
DA:664,0
DA:665,0
DA:666,0
DA:667,0
DA:684,0
DA:685,0
DA:690,0
DA:691,0
DA:692,0
DA:694,0
DA:698,0
DA:700,0
DA:702,0
DA:704,0
DA:706,0
DA:710,1
DA:711,0
DA:712,0
DA:713,0
DA:714,0
DA:715,0
DA:716,0
DA:720,0
DA:721,0
DA:723,0
DA:725,0
DA:727,0
DA:732,1
DA:733,0
DA:735,0
DA:736,0
DA:737,0
DA:738,0
DA:739,0
DA:740,0
DA:741,0
DA:742,0
DA:743,0
DA:744,0
DA:745,0
DA:746,0
DA:747,0
DA:748,0
DA:754,0
DA:757,0
DA:758,0
DA:759,0
DA:760,0
DA:777,0
DA:778,0
DA:779,0
DA:781,0
DA:783,0
DA:785,0
DA:787,0
DA:789,0
DA:793,1
DA:794,0
DA:796,0
DA:797,0
DA:807,0
DA:808,0
DA:809,0
DA:810,0
DA:811,0
DA:812,0
DA:813,0
DA:814,0
DA:815,0
DA:816,0
DA:817,0
DA:823,0
DA:826,0
DA:827,0
DA:843,0
DA:844,0
DA:846,0
DA:848,0
DA:850,0
DA:852,0
DA:856,1
DA:857,0
DA:858,0
DA:859,0
DA:860,0
DA:861,0
DA:862,0
DA:866,0
DA:867,0
DA:869,0
DA:871,0
DA:873,0
DA:878,1
DA:879,0
DA:889,0
DA:890,0
DA:891,0
DA:892,0
DA:893,0
DA:894,0
DA:896,0
DA:897,0
DA:899,0
DA:900,0
DA:901,0
DA:902,0
DA:905,0
DA:906,0
DA:907,0
DA:908,0
DA:909,0
DA:910,0
DA:912,0
DA:966,0
DA:983,0
DA:984,0
DA:989,0
DA:993,1
DA:994,0
DA:995,0
DA:1026,0
DA:1028,0
DA:1052,0
DA:1053,0
DA:1054,0
DA:1057,0
DA:1058,0
DA:1059,0
DA:1060,0
DA:1061,0
DA:1065,0
DA:1066,0
DA:1071,0
DA:1072,0
DA:1073,0
DA:1075,0
DA:1076,0
DA:1078,0
DA:1080,0
DA:1082,0
DA:1117,0
DA:1119,0
DA:1120,0
DA:1121,0
DA:1122,0
DA:1123,0
DA:1124,0
DA:1125,0
DA:1126,0
DA:1130,0
DA:1137,0
DA:1139,0
DA:1140,0
DA:1142,0
DA:1144,0
DA:1146,0
DA:1148,0
DA:1150,0
DA:1152,0
DA:1153,0
DA:1157,1
DA:1158,0
DA:1190,0
DA:1192,0
DA:1217,0
DA:1218,0
DA:1219,0
DA:1222,0
DA:1223,0
DA:1224,0
DA:1225,0
DA:1226,0
DA:1227,0
DA:1232,0
DA:1233,0
DA:1234,0
DA:1236,0
DA:1237,0
DA:1239,0
DA:1241,0
DA:1275,0
DA:1276,0
DA:1277,0
DA:1279,0
DA:1281,0
DA:1282,0
DA:1283,0
DA:1284,0
DA:1285,0
DA:1286,0
DA:1287,0
DA:1291,0
DA:1298,0
DA:1300,0
DA:1302,0
DA:1304,0
DA:1306,0
DA:1308,0
DA:1310,0
DA:1312,0
DA:1316,1
DA:1317,0
DA:1318,0
DA:1319,0
DA:1320,0
DA:1321,0
DA:1322,0
DA:1326,0
DA:1327,0
DA:1329,0
DA:1331,0
DA:1333,0
DA:1338,1
DA:1339,6
DA:1340,6
DA:1341,6
DA:1342,6
DA:1343,6
DA:1344,6
DA:1345,6
DA:1347,6
DA:1348,6
DA:1349,0
DA:1351,6
DA:1353,6
DA:1354,6
DA:1355,6
DA:1362,5
DA:1363,5
DA:1368,1
DA:1372,1
DA:1373,0
DA:1374,0
DA:1375,0
DA:1376,0
DA:1377,0
DA:1378,0
DA:1383,0
DA:1384,0
DA:1385,0
DA:1387,0
DA:1389,0
DA:1391,0
DA:1395,1
DA:1396,0
DA:1397,0
DA:1398,0
DA:1399,0
DA:1400,0
DA:1401,0
DA:1409,0
DA:1410,0
DA:1412,0
DA:1414,0
DA:1416,0
DA:1421,1
DA:1422,0
DA:1423,0
DA:1424,0
DA:1425,0
DA:1426,0
DA:1427,0
DA:1428,0
DA:1430,0
DA:1431,0
DA:1432,0
DA:1434,0
DA:1436,0
DA:1437,0
DA:1444,0
DA:1445,0
DA:1450,0
DA:1454,1
DA:1455,0
DA:1456,0
DA:1457,0
DA:1458,0
DA:1459,0
DA:1469,0
DA:1470,0
DA:1472,0
DA:1474,0
DA:1476,0
DA:1481,1
DA:1482,0
DA:1483,0
DA:1484,0
DA:1485,0
DA:1486,0
DA:1489,0
DA:1490,0
DA:1491,0
DA:1492,0
DA:1494,0
DA:1497,0
DA:1498,0
DA:1499,0
DA:1500,0
DA:1503,0
DA:1504,0
DA:1505,0
DA:1508,0
DA:1509,0
DA:1510,0
DA:1512,0
DA:1514,0
DA:1516,0
LF:543
LH:57
BRDA:21,0,0,0
BRDA:21,0,1,0
BRDA:21,1,0,0
BRDA:21,1,1,0
BRDA:21,1,2,0
BRDA:21,1,3,0
BRDA:27,2,0,0
BRDA:27,2,1,0
BRDA:37,3,0,0
BRDA:37,3,1,0
BRDA:46,4,0,0
BRDA:46,4,1,0
BRDA:47,5,0,0
BRDA:47,5,1,0
BRDA:48,6,0,0
BRDA:48,6,1,0
BRDA:73,7,0,0
BRDA:73,7,1,0
BRDA:73,8,0,0
BRDA:73,8,1,0
BRDA:82,9,0,0
BRDA:82,9,1,0
BRDA:88,10,0,0
BRDA:88,10,1,0
BRDA:187,11,0,0
BRDA:187,11,1,0
BRDA:189,12,0,0
BRDA:189,12,1,0
BRDA:235,13,0,0
BRDA:235,13,1,0
BRDA:238,14,0,0
BRDA:238,14,1,0
BRDA:238,15,0,0
BRDA:238,15,1,0
BRDA:243,16,0,0
BRDA:243,16,1,0
BRDA:251,17,0,0
BRDA:251,17,1,0
BRDA:269,18,0,0
BRDA:269,18,1,0
BRDA:269,19,0,0
BRDA:269,19,1,0
BRDA:275,20,0,0
BRDA:275,20,1,0
BRDA:290,21,0,0
BRDA:290,21,1,0
BRDA:293,22,0,0
BRDA:293,22,1,0
BRDA:293,23,0,0
BRDA:293,23,1,0
BRDA:301,24,0,0
BRDA:301,24,1,0
BRDA:338,25,0,0
BRDA:338,25,1,0
BRDA:339,26,0,0
BRDA:339,26,1,0
BRDA:350,27,0,0
BRDA:350,27,1,0
BRDA:358,28,0,0
BRDA:358,28,1,0
BRDA:359,29,0,0
BRDA:359,29,1,0
BRDA:360,30,0,0
BRDA:360,30,1,0
BRDA:364,31,0,0
BRDA:364,31,1,0
BRDA:364,32,0,0
BRDA:364,32,1,0
BRDA:365,33,0,0
BRDA:365,33,1,0
BRDA:365,34,0,0
BRDA:365,34,1,0
BRDA:366,35,0,0
BRDA:366,35,1,0
BRDA:366,36,0,0
BRDA:366,36,1,0
BRDA:370,37,0,0
BRDA:370,37,1,0
BRDA:410,38,0,0
BRDA:410,38,1,0
BRDA:456,39,0,0
BRDA:456,39,1,0
BRDA:458,40,0,0
BRDA:458,40,1,0
BRDA:467,41,0,0
BRDA:467,41,1,0
BRDA:478,42,0,0
BRDA:478,42,1,0
BRDA:482,43,0,0
BRDA:482,43,1,0
BRDA:482,44,0,0
BRDA:482,44,1,0
BRDA:488,45,0,0
BRDA:488,45,1,0
BRDA:492,46,0,0
BRDA:492,46,1,0
BRDA:492,47,0,0
BRDA:492,47,1,0
BRDA:528,48,0,0
BRDA:528,48,1,0
BRDA:529,49,0,0
BRDA:529,49,1,0
BRDA:529,49,2,0
BRDA:529,49,3,0
BRDA:529,49,4,0
BRDA:529,49,5,0
BRDA:529,49,6,0
BRDA:529,49,7,0
BRDA:529,49,8,0
BRDA:529,49,9,0
BRDA:529,49,10,0
BRDA:529,49,11,0
BRDA:529,49,12,0
BRDA:529,49,13,0
BRDA:546,50,0,0
BRDA:546,50,1,0
BRDA:546,51,0,0
BRDA:546,51,1,0
BRDA:548,52,0,0
BRDA:548,52,1,0
BRDA:550,53,0,0
BRDA:550,53,1,0
BRDA:550,54,0,0
BRDA:550,54,1,0
BRDA:552,55,0,0
BRDA:552,55,1,0
BRDA:554,56,0,0
BRDA:554,56,1,0
BRDA:589,57,0,0
BRDA:589,57,1,0
BRDA:628,58,0,0
BRDA:628,58,1,0
BRDA:629,59,0,0
BRDA:629,59,1,0
BRDA:629,59,2,0
BRDA:629,59,3,0
BRDA:629,59,4,0
BRDA:629,59,5,0
BRDA:629,59,6,0
BRDA:629,59,7,0
BRDA:629,59,8,0
BRDA:629,59,9,0
BRDA:629,59,10,0
BRDA:629,59,11,0
BRDA:629,59,12,0
BRDA:629,59,13,0
BRDA:647,60,0,0
BRDA:647,60,1,0
BRDA:647,61,0,0
BRDA:647,61,1,0
BRDA:649,62,0,0
BRDA:649,62,1,0
BRDA:649,63,0,0
BRDA:649,63,1,0
BRDA:651,64,0,0
BRDA:651,64,1,0
BRDA:653,65,0,0
BRDA:653,65,1,0
BRDA:684,66,0,0
BRDA:684,66,1,0
BRDA:691,67,0,0
BRDA:691,67,1,0
BRDA:713,68,0,0
BRDA:713,68,1,0
BRDA:715,69,0,0
BRDA:715,69,1,0
BRDA:720,70,0,0
BRDA:720,70,1,0
BRDA:736,71,0,0
BRDA:736,71,1,0
BRDA:736,72,0,0
BRDA:736,72,1,0
BRDA:736,72,2,0
BRDA:736,72,3,0
BRDA:736,72,4,0
BRDA:736,72,5,0
BRDA:736,72,6,0
BRDA:739,73,0,0
BRDA:739,73,1,0
BRDA:739,74,0,0
BRDA:739,74,1,0
BRDA:741,75,0,0
BRDA:741,75,1,0
BRDA:743,76,0,0
BRDA:743,76,1,0
BRDA:743,77,0,0
BRDA:743,77,1,0
BRDA:745,78,0,0
BRDA:745,78,1,0
BRDA:747,79,0,0
BRDA:747,79,1,0
BRDA:778,80,0,0
BRDA:778,80,1,0
BRDA:797,81,0,0
BRDA:797,81,1,0
BRDA:798,82,0,0
BRDA:798,82,1,0
BRDA:798,82,2,0
BRDA:798,82,3,0
BRDA:798,82,4,0
BRDA:798,82,5,0
BRDA:798,82,6,0
BRDA:798,82,7,0
BRDA:810,83,0,0
BRDA:810,83,1,0
BRDA:810,84,0,0
BRDA:810,84,1,0
BRDA:812,85,0,0
BRDA:812,85,1,0
BRDA:812,86,0,0
BRDA:812,86,1,0
BRDA:814,87,0,0
BRDA:814,87,1,0
BRDA:816,88,0,0
BRDA:816,88,1,0
BRDA:843,89,0,0
BRDA:843,89,1,0
BRDA:859,90,0,0
BRDA:859,90,1,0
BRDA:861,91,0,0
BRDA:861,91,1,0
BRDA:866,92,0,0
BRDA:866,92,1,0
BRDA:890,93,0,0
BRDA:890,93,1,0
BRDA:891,94,0,0
BRDA:891,94,1,0
BRDA:899,95,0,0
BRDA:899,95,1,0
BRDA:900,96,0,0
BRDA:900,96,1,0
BRDA:901,97,0,0
BRDA:901,97,1,0
BRDA:902,98,0,0
BRDA:902,98,1,0
BRDA:907,99,0,0
BRDA:907,99,1,0
BRDA:907,100,0,0
BRDA:907,100,1,0
BRDA:908,101,0,0
BRDA:908,101,1,0
BRDA:908,102,0,0
BRDA:908,102,1,0
BRDA:909,103,0,0
BRDA:909,103,1,0
BRDA:909,104,0,0
BRDA:909,104,1,0
BRDA:983,105,0,0
BRDA:983,105,1,0
BRDA:1053,106,0,0
BRDA:1053,106,1,0
BRDA:1060,107,0,0
BRDA:1060,107,1,0
BRDA:1065,108,0,0
BRDA:1065,108,1,0
BRDA:1066,109,0,0
BRDA:1066,109,1,0
BRDA:1067,110,0,0
BRDA:1067,110,1,0
BRDA:1067,110,2,0
BRDA:1071,111,0,0
BRDA:1071,111,1,0
BRDA:1075,112,0,0
BRDA:1075,112,1,0
BRDA:1119,113,0,0
BRDA:1119,113,1,0
BRDA:1119,114,0,0
BRDA:1119,114,1,0
BRDA:1218,115,0,0
BRDA:1218,115,1,0
BRDA:1226,116,0,0
BRDA:1226,116,1,0
BRDA:1227,117,0,0
BRDA:1227,117,1,0
BRDA:1228,118,0,0
BRDA:1228,118,1,0
BRDA:1228,118,2,0
BRDA:1232,119,0,0
BRDA:1232,119,1,0
BRDA:1236,120,0,0
BRDA:1236,120,1,0
BRDA:1275,121,0,0
BRDA:1275,121,1,0
BRDA:1277,122,0,0
BRDA:1277,122,1,0
BRDA:1277,123,0,0
BRDA:1277,123,1,0
BRDA:1319,124,0,0
BRDA:1319,124,1,0
BRDA:1321,125,0,0
BRDA:1321,125,1,0
BRDA:1326,126,0,0
BRDA:1326,126,1,0
BRDA:1341,127,0,0
BRDA:1341,127,1,6
BRDA:1342,128,0,0
BRDA:1342,128,1,6
BRDA:1348,129,0,0
BRDA:1348,129,1,6
BRDA:1353,130,0,6
BRDA:1353,130,1,0
BRDA:1354,131,0,6
BRDA:1354,131,1,0
BRDA:1375,132,0,0
BRDA:1375,132,1,0
BRDA:1377,133,0,0
BRDA:1377,133,1,0
BRDA:1384,134,0,0
BRDA:1384,134,1,0
BRDA:1399,135,0,0
BRDA:1399,135,1,0
BRDA:1399,136,0,0
BRDA:1399,136,1,0
BRDA:1399,136,2,0
BRDA:1409,137,0,0
BRDA:1409,137,1,0
BRDA:1424,138,0,0
BRDA:1424,138,1,0
BRDA:1425,139,0,0
BRDA:1425,139,1,0
BRDA:1431,140,0,0
BRDA:1431,140,1,0
BRDA:1436,141,0,0
BRDA:1436,141,1,0
BRDA:1457,142,0,0
BRDA:1457,142,1,0
BRDA:1457,143,0,0
BRDA:1457,143,1,0
BRDA:1457,143,2,0
BRDA:1457,143,3,0
BRDA:1457,143,4,0
BRDA:1469,144,0,0
BRDA:1469,144,1,0
BRDA:1485,145,0,0
BRDA:1485,145,1,0
BRDA:1485,146,0,0
BRDA:1485,146,1,0
BRDA:1485,146,2,0
BRDA:1489,147,0,0
BRDA:1489,147,1,0
BRDA:1489,148,0,0
BRDA:1489,148,1,0
BRDA:1491,149,0,0
BRDA:1491,149,1,0
BRDA:1497,150,0,0
BRDA:1497,150,1,0
BRDA:1503,151,0,0
BRDA:1503,151,1,0
BRDA:1503,152,0,0
BRDA:1503,152,1,0
BRDA:1508,153,0,0
BRDA:1508,153,1,0
BRDA:1508,154,0,0
BRDA:1508,154,1,0
BRF:354
BRH:5
end_of_record
TN:
SF:vieclamtheogio\authentication.js
FN:8,(anonymous_0)
FN:43,(anonymous_1)
FNF:2
FNH:0
FNDA:0,(anonymous_0)
FNDA:0,(anonymous_1)
DA:1,0
DA:2,0
DA:3,0
DA:4,0
DA:5,0
DA:6,0
DA:8,0
DA:9,0
DA:10,0
DA:11,0
DA:12,0
DA:13,0
DA:14,0
DA:15,0
DA:16,0
DA:17,0
DA:18,0
DA:19,0
DA:22,0
DA:24,0
DA:25,0
DA:26,0
DA:28,0
DA:29,0
DA:34,0
DA:36,0
DA:38,0
DA:39,0
DA:43,0
DA:44,0
DA:45,0
DA:46,0
DA:47,0
DA:48,0
DA:49,0
DA:50,0
DA:51,0
DA:52,0
DA:53,0
DA:55,0
DA:57,0
DA:59,0
DA:61,0
DA:63,0
DA:64,0
LF:45
LH:0
BRDA:11,0,0,0
BRDA:11,0,1,0
BRDA:15,1,0,0
BRDA:15,1,1,0
BRDA:22,2,0,0
BRDA:22,2,1,0
BRDA:22,3,0,0
BRDA:22,3,1,0
BRDA:36,4,0,0
BRDA:36,4,1,0
BRDA:46,5,0,0
BRDA:46,5,1,0
BRDA:46,6,0,0
BRDA:46,6,1,0
BRDA:52,7,0,0
BRDA:52,7,1,0
BRDA:52,8,0,0
BRDA:52,8,1,0
BRDA:55,9,0,0
BRDA:55,9,1,0
BRF:20
BRH:0
end_of_record
TN:
SF:vieclamtheogio\manageAccountCandidate.js
FN:15,(anonymous_0)
FN:36,(anonymous_1)
FN:67,(anonymous_2)
FN:80,(anonymous_3)
FN:83,(anonymous_4)
FN:102,(anonymous_5)
FN:103,(anonymous_6)
FN:123,(anonymous_7)
FN:170,(anonymous_8)
FN:200,(anonymous_9)
FN:212,(anonymous_10)
FN:260,(anonymous_11)
FN:314,(anonymous_12)
FN:335,(anonymous_13)
FN:366,(anonymous_14)
FN:393,(anonymous_15)
FN:442,(anonymous_16)
FN:466,(anonymous_17)
FN:518,(anonymous_18)
FN:539,(anonymous_19)
FN:625,(anonymous_20)
FN:673,(anonymous_21)
FN:695,(anonymous_22)
FN:707,(anonymous_23)
FN:711,(anonymous_24)
FN:721,(anonymous_25)
FN:772,(anonymous_26)
FN:782,(anonymous_27)
FN:803,(anonymous_28)
FN:867,(anonymous_29)
FN:906,(anonymous_30)
FN:931,(anonymous_31)
FNF:32
FNH:0
FNDA:0,(anonymous_0)
FNDA:0,(anonymous_1)
FNDA:0,(anonymous_2)
FNDA:0,(anonymous_3)
FNDA:0,(anonymous_4)
FNDA:0,(anonymous_5)
FNDA:0,(anonymous_6)
FNDA:0,(anonymous_7)
FNDA:0,(anonymous_8)
FNDA:0,(anonymous_9)
FNDA:0,(anonymous_10)
FNDA:0,(anonymous_11)
FNDA:0,(anonymous_12)
FNDA:0,(anonymous_13)
FNDA:0,(anonymous_14)
FNDA:0,(anonymous_15)
FNDA:0,(anonymous_16)
FNDA:0,(anonymous_17)
FNDA:0,(anonymous_18)
FNDA:0,(anonymous_19)
FNDA:0,(anonymous_20)
FNDA:0,(anonymous_21)
FNDA:0,(anonymous_22)
FNDA:0,(anonymous_23)
FNDA:0,(anonymous_24)
FNDA:0,(anonymous_25)
FNDA:0,(anonymous_26)
FNDA:0,(anonymous_27)
FNDA:0,(anonymous_28)
FNDA:0,(anonymous_29)
FNDA:0,(anonymous_30)
FNDA:0,(anonymous_31)
DA:1,0
DA:2,0
DA:3,0
DA:4,0
DA:5,0
DA:6,0
DA:7,0
DA:8,0
DA:9,0
DA:10,0
DA:11,0
DA:12,0
DA:15,0
DA:16,0
DA:17,0
DA:18,0
DA:21,0
DA:22,0
DA:24,0
DA:26,0
DA:27,0
DA:29,0
DA:30,0
DA:31,0
DA:33,0
DA:36,0
DA:37,0
DA:38,0
DA:39,0
DA:40,0
DA:41,0
DA:43,0
DA:44,0
DA:46,0
DA:48,0
DA:49,0
DA:50,0
DA:55,0
DA:56,0
DA:60,0
DA:62,0
DA:67,0
DA:68,0
DA:69,0
DA:70,0
DA:71,0
DA:74,0
DA:75,0
DA:76,0
DA:80,0
DA:81,0
DA:82,0
DA:83,0
DA:84,0
DA:87,0
DA:88,0
DA:90,0
DA:95,0
DA:100,0
DA:102,0
DA:103,0
DA:106,0
DA:113,0
DA:114,0
DA:123,0
DA:124,0
DA:125,0
DA:127,0
DA:128,0
DA:129,0
DA:136,0
DA:137,0
DA:142,0
DA:143,0
DA:144,0
DA:145,0
DA:157,0
DA:158,0
DA:160,0
DA:162,0
DA:164,0
DA:166,0
DA:170,0
DA:171,0
DA:172,0
DA:173,0
DA:174,0
DA:175,0
DA:180,0
DA:181,0
DA:188,0
DA:189,0
DA:191,0
DA:193,0
DA:195,0
DA:200,0
DA:201,0
DA:202,0
DA:203,0
DA:204,0
DA:208,0
DA:212,0
DA:213,0
DA:214,0
DA:215,0
DA:216,0
DA:217,0
DA:218,0
DA:219,0
DA:220,0
DA:221,0
DA:222,0
DA:223,0
DA:232,0
DA:233,0
DA:234,0
DA:240,0
DA:246,0
DA:252,0
DA:254,0
DA:256,0
DA:260,0
DA:261,0
DA:262,0
DA:263,0
DA:264,0
DA:265,0
DA:266,0
DA:267,0
DA:268,0
DA:269,0
DA:270,0
DA:271,0
DA:276,0
DA:277,0
DA:288,0
DA:289,0
DA:294,0
DA:300,0
DA:306,0
DA:308,0
DA:310,0
DA:314,0
DA:315,0
DA:316,0
DA:317,0
DA:318,0
DA:319,0
DA:323,0
DA:324,0
DA:326,0
DA:328,0
DA:330,0
DA:335,0
DA:336,0
DA:337,0
DA:338,0
DA:355,0
DA:356,0
DA:360,0
DA:362,0
DA:366,0
DA:367,0
DA:368,0
DA:369,0
DA:370,0
DA:371,0
DA:372,0
DA:373,0
DA:381,0
DA:382,0
DA:384,0
DA:386,0
DA:388,0
DA:393,0
DA:394,0
DA:395,0
DA:396,0
DA:397,0
DA:398,0
DA:399,0
DA:400,0
DA:401,0
DA:403,0
DA:430,0
DA:431,0
DA:432,0
DA:438,0
DA:442,0
DA:443,0
DA:444,0
DA:445,0
DA:446,0
DA:447,0
DA:451,0
DA:452,0
DA:457,0
DA:459,0
DA:461,0
DA:466,0
DA:467,0
DA:468,0
DA:469,0
DA:470,0
DA:471,0
DA:472,0
DA:473,0
DA:474,0
DA:476,0
DA:507,0
DA:508,0
DA:514,0
DA:518,0
DA:519,0
DA:520,0
DA:521,0
DA:522,0
DA:523,0
DA:527,0
DA:528,0
DA:530,0
DA:532,0
DA:534,0
DA:539,0
DA:540,0
DA:541,0
DA:542,0
DA:543,0
DA:544,0
DA:545,0
DA:546,0
DA:547,0
DA:548,0
DA:552,0
DA:553,0
DA:554,0
DA:558,0
DA:559,0
DA:560,0
DA:561,0
DA:562,0
DA:563,0
DA:565,0
DA:569,0
DA:581,0
DA:584,0
DA:585,0
DA:586,0
DA:587,0
DA:594,0
DA:603,0
DA:605,0
DA:611,0
DA:617,0
DA:619,0
DA:621,0
DA:625,0
DA:626,0
DA:627,0
DA:628,0
DA:629,0
DA:630,0
DA:631,0
DA:632,0
DA:633,0
DA:637,0
DA:638,0
DA:642,0
DA:643,0
DA:647,0
DA:649,0
DA:650,0
DA:657,0
DA:658,0
DA:659,0
DA:661,0
DA:663,0
DA:665,0
DA:667,0
DA:669,0
DA:673,0
DA:674,0
DA:675,0
DA:676,0
DA:677,0
DA:678,0
DA:679,0
DA:684,0
DA:685,0
DA:687,0
DA:689,0
DA:691,0
DA:695,0
DA:696,0
DA:697,0
DA:698,0
DA:699,0
DA:703,0
DA:707,0
DA:708,0
DA:709,0
DA:710,0
DA:711,0
DA:712,0
DA:713,0
DA:715,0
DA:717,0
DA:721,0
DA:722,0
DA:723,0
DA:724,0
DA:747,0
DA:748,0
DA:749,0
DA:750,0
DA:757,0
DA:758,0
DA:759,0
DA:760,0
DA:764,0
DA:765,0
DA:767,0
DA:768,0
DA:769,0
DA:770,0
DA:771,0
DA:772,0
DA:773,0
DA:774,0
DA:778,0
DA:779,0
DA:780,0
DA:781,0
DA:782,0
DA:783,0
DA:784,0
DA:788,0
DA:789,0
DA:791,0
DA:796,0
DA:798,0
DA:799,0
DA:803,0
DA:804,0
DA:805,0
DA:816,0
DA:817,0
DA:827,0
DA:828,0
DA:829,0
DA:830,0
DA:831,0
DA:832,0
DA:833,0
DA:834,0
DA:850,0
DA:851,0
DA:853,0
DA:855,0
DA:861,0
DA:863,0
DA:867,0
DA:868,0
DA:869,0
DA:870,0
DA:871,0
DA:872,0
DA:873,0
DA:874,0
DA:875,0
DA:876,0
DA:877,0
DA:878,0
DA:879,0
DA:880,0
DA:885,0
DA:890,0
DA:892,0
DA:898,0
DA:900,0
DA:902,0
DA:906,0
DA:907,0
DA:908,0
DA:909,0
DA:910,0
DA:911,0
DA:912,0
DA:916,0
DA:917,0
DA:918,0
DA:919,0
DA:923,0
DA:925,0
DA:927,0
DA:931,0
DA:932,0
DA:933,0
DA:944,0
DA:945,0
DA:954,0
DA:955,0
DA:956,0
DA:957,0
DA:958,0
DA:962,0
DA:963,0
DA:964,0
DA:966,0
DA:967,0
DA:968,0
DA:981,0
DA:982,0
DA:983,0
DA:984,0
DA:993,0
DA:994,0
DA:996,0
DA:998,0
DA:1000,0
DA:1002,0
DA:1008,0
DA:1010,0
LF:423
LH:0
BRDA:21,0,0,0
BRDA:21,0,1,0
BRDA:26,1,0,0
BRDA:26,1,1,0
BRDA:27,2,0,0
BRDA:27,2,1,0
BRDA:43,3,0,0
BRDA:43,3,1,0
BRDA:48,4,0,0
BRDA:48,4,1,0
BRDA:49,5,0,0
BRDA:49,5,1,0
BRDA:70,6,0,0
BRDA:70,6,1,0
BRDA:75,7,0,0
BRDA:75,7,1,0
BRDA:81,8,0,0
BRDA:81,8,1,0
BRDA:82,9,0,0
BRDA:82,9,1,0
BRDA:129,10,0,0
BRDA:129,10,1,0
BRDA:130,11,0,0
BRDA:130,11,1,0
BRDA:130,11,2,0
BRDA:130,11,3,0
BRDA:130,11,4,0
BRDA:142,12,0,0
BRDA:142,12,1,0
BRDA:157,13,0,0
BRDA:157,13,1,0
BRDA:180,14,0,0
BRDA:180,14,1,0
BRDA:188,15,0,0
BRDA:188,15,1,0
BRDA:217,16,0,0
BRDA:217,16,1,0
BRDA:217,17,0,0
BRDA:217,17,1,0
BRDA:217,17,2,0
BRDA:217,17,3,0
BRDA:217,17,4,0
BRDA:218,18,0,0
BRDA:218,18,1,0
BRDA:218,19,0,0
BRDA:218,19,1,0
BRDA:221,20,0,0
BRDA:221,20,1,0
BRDA:221,21,0,0
BRDA:221,21,1,0
BRDA:221,21,2,0
BRDA:233,22,0,0
BRDA:233,22,1,0
BRDA:266,23,0,0
BRDA:266,23,1,0
BRDA:266,24,0,0
BRDA:266,24,1,0
BRDA:266,24,2,0
BRDA:266,24,3,0
BRDA:266,24,4,0
BRDA:266,24,5,0
BRDA:267,25,0,0
BRDA:267,25,1,0
BRDA:267,26,0,0
BRDA:267,26,1,0
BRDA:270,27,0,0
BRDA:270,27,1,0
BRDA:270,28,0,0
BRDA:270,28,1,0
BRDA:270,28,2,0
BRDA:276,29,0,0
BRDA:276,29,1,0
BRDA:288,30,0,0
BRDA:288,30,1,0
BRDA:318,31,0,0
BRDA:318,31,1,0
BRDA:323,32,0,0
BRDA:323,32,1,0
BRDA:355,33,0,0
BRDA:355,33,1,0
BRDA:370,34,0,0
BRDA:370,34,1,0
BRDA:370,35,0,0
BRDA:370,35,1,0
BRDA:381,36,0,0
BRDA:381,36,1,0
BRDA:397,37,0,0
BRDA:397,37,1,0
BRDA:398,38,0,0
BRDA:398,38,1,0
BRDA:446,39,0,0
BRDA:446,39,1,0
BRDA:451,40,0,0
BRDA:451,40,1,0
BRDA:451,41,0,0
BRDA:451,41,1,0
BRDA:470,42,0,0
BRDA:470,42,1,0
BRDA:471,43,0,0
BRDA:471,43,1,0
BRDA:522,44,0,0
BRDA:522,44,1,0
BRDA:527,45,0,0
BRDA:527,45,1,0
BRDA:544,46,0,0
BRDA:544,46,1,0
BRDA:544,47,0,0
BRDA:544,47,1,0
BRDA:544,47,2,0
BRDA:547,48,0,0
BRDA:547,48,1,0
BRDA:553,49,0,0
BRDA:553,49,1,0
BRDA:553,50,0,0
BRDA:553,50,1,0
BRDA:558,51,0,0
BRDA:558,51,1,0
BRDA:585,52,0,0
BRDA:585,52,1,0
BRDA:586,53,0,0
BRDA:586,53,1,0
BRDA:629,54,0,0
BRDA:629,54,1,0
BRDA:632,55,0,0
BRDA:632,55,1,0
BRDA:637,56,0,0
BRDA:637,56,1,0
BRDA:642,57,0,0
BRDA:642,57,1,0
BRDA:658,58,0,0
BRDA:658,58,1,0
BRDA:676,59,0,0
BRDA:676,59,1,0
BRDA:684,60,0,0
BRDA:684,60,1,0
BRDA:710,61,0,0
BRDA:710,61,1,0
BRDA:710,62,0,0
BRDA:710,62,1,0
BRDA:747,63,0,0
BRDA:747,63,1,0
BRDA:749,64,0,0
BRDA:749,64,1,0
BRDA:758,65,0,0
BRDA:758,65,1,0
BRDA:769,66,0,0
BRDA:769,66,1,0
BRDA:773,67,0,0
BRDA:773,67,1,0
BRDA:773,68,0,0
BRDA:773,68,1,0
BRDA:779,69,0,0
BRDA:779,69,1,0
BRDA:783,70,0,0
BRDA:783,70,1,0
BRDA:783,71,0,0
BRDA:783,71,1,0
BRDA:817,72,0,0
BRDA:817,72,1,0
BRDA:818,73,0,0
BRDA:818,73,1,0
BRDA:818,73,2,0
BRDA:818,73,3,0
BRDA:818,73,4,0
BRDA:818,73,5,0
BRDA:818,73,6,0
BRDA:818,73,7,0
BRDA:827,74,0,0
BRDA:827,74,1,0
BRDA:828,75,0,0
BRDA:828,75,1,0
BRDA:831,76,0,0
BRDA:831,76,1,0
BRDA:850,77,0,0
BRDA:850,77,1,0
BRDA:873,78,0,0
BRDA:873,78,1,0
BRDA:874,79,0,0
BRDA:874,79,1,0
BRDA:874,80,0,0
BRDA:874,80,1,0
BRDA:877,81,0,0
BRDA:877,81,1,0
BRDA:879,82,0,0
BRDA:879,82,1,0
BRDA:910,83,0,0
BRDA:910,83,1,0
BRDA:917,84,0,0
BRDA:917,84,1,0
BRDA:918,85,0,0
BRDA:918,85,1,0
BRDA:945,86,0,0
BRDA:945,86,1,0
BRDA:946,87,0,0
BRDA:946,87,1,0
BRDA:946,87,2,0
BRDA:946,87,3,0
BRDA:946,87,4,0
BRDA:946,87,5,0
BRDA:946,87,6,0
BRDA:954,88,0,0
BRDA:954,88,1,0
BRDA:957,89,0,0
BRDA:957,89,1,0
BRDA:957,90,0,0
BRDA:957,90,1,0
BRDA:962,91,0,0
BRDA:962,91,1,0
BRDA:981,92,0,0
BRDA:981,92,1,0
BRDA:993,93,0,0
BRDA:993,93,1,0
BRF:212
BRH:0
end_of_record
TN:
SF:vieclamtheogio\manageAccountCompany.js
FN:24,(anonymous_0)
FN:71,(anonymous_1)
FN:130,(anonymous_2)
FN:156,(anonymous_3)
FN:176,(anonymous_4)
FN:197,(anonymous_5)
FN:216,(anonymous_6)
FN:266,(anonymous_7)
FN:401,(anonymous_8)
FN:500,(anonymous_9)
FN:540,(anonymous_10)
FN:553,(anonymous_11)
FN:567,(anonymous_12)
FN:589,(anonymous_13)
FN:745,(anonymous_14)
FN:940,(anonymous_15)
FN:1143,(anonymous_16)
FN:1196,(anonymous_17)
FN:1363,(anonymous_18)
FN:1384,(anonymous_19)
FN:1450,(anonymous_20)
FN:1483,(anonymous_21)
FN:1506,(anonymous_22)
FN:1558,(anonymous_23)
FN:1581,(anonymous_24)
FN:1604,(anonymous_25)
FN:1617,(anonymous_26)
FN:1703,(anonymous_27)
FN:1721,(anonymous_28)
FN:1771,(anonymous_29)
FN:1792,(anonymous_30)
FN:1856,(anonymous_31)
FN:1880,(anonymous_32)
FN:1938,(anonymous_33)
FN:1950,(anonymous_34)
FN:1954,(anonymous_35)
FN:1964,(anonymous_36)
FN:2009,(anonymous_37)
FN:2079,(anonymous_38)
FNF:39
FNH:0
FNDA:0,(anonymous_0)
FNDA:0,(anonymous_1)
FNDA:0,(anonymous_2)
FNDA:0,(anonymous_3)
FNDA:0,(anonymous_4)
FNDA:0,(anonymous_5)
FNDA:0,(anonymous_6)
FNDA:0,(anonymous_7)
FNDA:0,(anonymous_8)
FNDA:0,(anonymous_9)
FNDA:0,(anonymous_10)
FNDA:0,(anonymous_11)
FNDA:0,(anonymous_12)
FNDA:0,(anonymous_13)
FNDA:0,(anonymous_14)
FNDA:0,(anonymous_15)
FNDA:0,(anonymous_16)
FNDA:0,(anonymous_17)
FNDA:0,(anonymous_18)
FNDA:0,(anonymous_19)
FNDA:0,(anonymous_20)
FNDA:0,(anonymous_21)
FNDA:0,(anonymous_22)
FNDA:0,(anonymous_23)
FNDA:0,(anonymous_24)
FNDA:0,(anonymous_25)
FNDA:0,(anonymous_26)
FNDA:0,(anonymous_27)
FNDA:0,(anonymous_28)
FNDA:0,(anonymous_29)
FNDA:0,(anonymous_30)
FNDA:0,(anonymous_31)
FNDA:0,(anonymous_32)
FNDA:0,(anonymous_33)
FNDA:0,(anonymous_34)
FNDA:0,(anonymous_35)
FNDA:0,(anonymous_36)
FNDA:0,(anonymous_37)
FNDA:0,(anonymous_38)
DA:1,0
DA:2,0
DA:3,0
DA:4,0
DA:5,0
DA:6,0
DA:7,0
DA:8,0
DA:9,0
DA:10,0
DA:11,0
DA:12,0
DA:13,0
DA:14,0
DA:15,0
DA:16,0
DA:17,0
DA:18,0
DA:19,0
DA:20,0
DA:22,0
DA:24,0
DA:25,0
DA:26,0
DA:28,0
DA:30,0
DA:31,0
DA:34,0
DA:35,0
DA:38,0
DA:39,0
DA:41,0
DA:42,0
DA:43,0
DA:44,0
DA:47,0
DA:49,0
DA:63,0
DA:65,0
DA:66,0
DA:71,0
DA:72,0
DA:73,0
DA:74,0
DA:76,0
DA:77,0
DA:78,0
DA:81,0
DA:82,0
DA:83,0
DA:85,0
DA:86,0
DA:87,0
DA:90,0
DA:91,0
DA:93,0
DA:94,0
DA:96,0
DA:97,0
DA:98,0
DA:101,0
DA:102,0
DA:112,0
DA:114,0
DA:120,0
DA:121,0
DA:124,0
DA:125,0
DA:130,0
DA:131,0
DA:133,0
DA:134,0
DA:135,0
DA:136,0
DA:137,0
DA:138,0
DA:142,0
DA:143,0
DA:144,0
DA:145,0
DA:147,0
DA:151,0
DA:152,0
DA:156,0
DA:157,0
DA:158,0
DA:159,0
DA:160,0
DA:161,0
DA:162,0
DA:166,0
DA:168,0
DA:169,0
DA:171,0
DA:172,0
DA:176,0
DA:177,0
DA:178,0
DA:179,0
DA:180,0
DA:181,0
DA:182,0
DA:183,0
DA:184,0
DA:188,0
DA:190,0
DA:192,0
DA:193,0
DA:197,0
DA:198,0
DA:199,0
DA:200,0
DA:201,0
DA:202,0
DA:203,0
DA:204,0
DA:205,0
DA:207,0
DA:209,0
DA:211,0
DA:212,0
DA:216,0
DA:217,0
DA:218,0
DA:219,0
DA:220,0
DA:221,0
DA:222,0
DA:223,0
DA:224,0
DA:225,0
DA:226,0
DA:227,0
DA:228,0
DA:229,0
DA:230,0
DA:231,0
DA:232,0
DA:233,0
DA:234,0
DA:249,0
DA:250,0
DA:251,0
DA:252,0
DA:253,0
DA:254,0
DA:256,0
DA:260,0
DA:262,0
DA:266,0
DA:267,0
DA:269,0
DA:270,0
DA:271,0
DA:272,0
DA:273,0
DA:274,0
DA:275,0
DA:276,0
DA:277,0
DA:278,0
DA:279,0
DA:280,0
DA:281,0
DA:282,0
DA:283,0
DA:284,0
DA:285,0
DA:286,0
DA:287,0
DA:290,0
DA:306,0
DA:307,0
DA:310,0
DA:312,0
DA:313,0
DA:314,0
DA:315,0
DA:316,0
DA:317,0
DA:321,0
DA:324,0
DA:327,0
DA:330,0
DA:367,0
DA:368,0
DA:369,0
DA:370,0
DA:373,0
DA:374,0
DA:377,0
DA:388,0
DA:394,0
DA:396,0
DA:397,0
DA:401,0
DA:402,0
DA:403,0
DA:404,0
DA:405,0
DA:406,0
DA:407,0
DA:408,0
DA:409,0
DA:411,0
DA:416,0
DA:417,0
DA:418,0
DA:419,0
DA:451,0
DA:452,0
DA:453,0
DA:454,0
DA:455,0
DA:458,0
DA:459,0
DA:461,0
DA:465,0
DA:467,0
DA:468,0
DA:470,0
DA:471,0
DA:472,0
DA:474,0
DA:490,0
DA:491,0
DA:496,0
DA:500,0
DA:501,0
DA:502,0
DA:507,0
DA:508,0
DA:539,0
DA:540,0
DA:541,0
DA:545,0
DA:552,0
DA:553,0
DA:554,0
DA:555,0
DA:556,0
DA:557,0
DA:559,0
DA:561,0
DA:564,0
DA:565,0
DA:566,0
DA:567,0
DA:568,0
DA:569,0
DA:570,0
DA:571,0
DA:573,0
DA:575,0
DA:576,0
DA:577,0
DA:579,0
DA:585,0
DA:589,0
DA:590,0
DA:591,0
DA:592,0
DA:593,0
DA:594,0
DA:595,0
DA:596,0
DA:597,0
DA:602,0
DA:604,0
DA:605,0
DA:606,0
DA:607,0
DA:608,0
DA:609,0
DA:610,0
DA:650,0
DA:651,0
DA:652,0
DA:657,0
DA:658,0
DA:659,0
DA:660,0
DA:662,0
DA:663,0
DA:664,0
DA:666,0
DA:667,0
DA:670,0
DA:674,0
DA:676,0
DA:677,0
DA:694,0
DA:695,0
DA:696,0
DA:698,0
DA:733,0
DA:735,0
DA:741,0
DA:745,0
DA:746,0
DA:747,0
DA:749,0
DA:750,0
DA:751,0
DA:752,0
DA:753,0
DA:754,0
DA:756,0
DA:758,0
DA:759,0
DA:760,0
DA:761,0
DA:762,0
DA:769,0
DA:775,0
DA:776,0
DA:777,0
DA:784,0
DA:837,0
DA:839,0
DA:840,0
DA:841,0
DA:842,0
DA:843,0
DA:844,0
DA:848,0
DA:851,0
DA:852,0
DA:859,0
DA:861,0
DA:862,0
DA:863,0
DA:867,0
DA:901,0
DA:902,0
DA:907,0
DA:908,0
DA:911,0
DA:912,0
DA:916,0
DA:917,0
DA:919,0
DA:920,0
DA:923,0
DA:926,0
DA:931,0
DA:933,0
DA:935,0
DA:936,0
DA:940,0
DA:941,0
DA:942,0
DA:943,0
DA:944,0
DA:945,0
DA:946,0
DA:947,0
DA:951,0
DA:955,0
DA:956,0
DA:957,0
DA:958,0
DA:959,0
DA:960,0
DA:964,0
DA:967,0
DA:968,0
DA:998,0
DA:1000,0
DA:1023,0
DA:1024,0
DA:1025,0
DA:1032,0
DA:1037,0
DA:1038,0
DA:1039,0
DA:1040,0
DA:1041,0
DA:1043,0
DA:1044,0
DA:1046,0
DA:1048,0
DA:1053,0
DA:1054,0
DA:1095,0
DA:1096,0
DA:1097,0
DA:1098,0
DA:1099,0
DA:1100,0
DA:1101,0
DA:1102,0
DA:1106,0
DA:1113,0
DA:1116,0
DA:1117,0
DA:1119,0
DA:1125,0
DA:1127,0
DA:1129,0
DA:1135,0
DA:1137,0
DA:1139,0
DA:1143,0
DA:1144,0
DA:1145,0
DA:1146,0
DA:1147,0
DA:1148,0
DA:1149,0
DA:1150,0
DA:1151,0
DA:1152,0
DA:1153,0
DA:1154,0
DA:1155,0
DA:1175,0
DA:1176,0
DA:1177,0
DA:1181,0
DA:1182,0
DA:1185,0
DA:1187,0
DA:1192,0
DA:1196,0
DA:1197,0
DA:1198,0
DA:1199,0
DA:1200,0
DA:1201,0
DA:1232,0
DA:1233,0
DA:1234,0
DA:1235,0
DA:1258,0
DA:1259,0
DA:1260,0
DA:1263,0
DA:1268,0
DA:1269,0
DA:1270,0
DA:1272,0
DA:1273,0
DA:1275,0
DA:1277,0
DA:1278,0
DA:1279,0
DA:1317,0
DA:1320,0
DA:1325,0
DA:1326,0
DA:1327,0
DA:1328,0
DA:1329,0
DA:1330,0
DA:1331,0
DA:1332,0
DA:1333,0
DA:1337,0
DA:1344,0
DA:1346,0
DA:1348,0
DA:1350,0
DA:1352,0
DA:1354,0
DA:1356,0
DA:1358,0
DA:1359,0
DA:1363,0
DA:1364,0
DA:1365,0
DA:1366,0
DA:1367,0
DA:1368,0
DA:1373,0
DA:1374,0
DA:1376,0
DA:1378,0
DA:1380,0
DA:1384,0
DA:1385,0
DA:1386,0
DA:1387,0
DA:1388,0
DA:1389,0
DA:1390,0
DA:1391,0
DA:1392,0
DA:1393,0
DA:1394,0
DA:1395,0
DA:1396,0
DA:1397,0
DA:1398,0
DA:1400,0
DA:1439,0
DA:1440,0
DA:1441,0
DA:1446,0
DA:1450,0
DA:1451,0
DA:1452,0
DA:1453,0
DA:1454,0
DA:1455,0
DA:1456,0
DA:1457,0
DA:1461,0
DA:1462,0
DA:1467,0
DA:1468,0
DA:1469,0
DA:1470,0
DA:1472,0
DA:1474,0
DA:1476,0
DA:1478,0
DA:1479,0
DA:1483,0
DA:1484,0
DA:1485,0
DA:1486,0
DA:1487,0
DA:1488,0
DA:1489,0
DA:1490,0
DA:1494,0
DA:1495,0
DA:1497,0
DA:1499,0
DA:1501,0
DA:1506,0
DA:1507,0
DA:1508,0
DA:1509,0
DA:1510,0
DA:1511,0
DA:1512,0
DA:1513,0
DA:1514,0
DA:1515,0
DA:1516,0
DA:1517,0
DA:1548,0
DA:1549,0
DA:1554,0
DA:1558,0
DA:1559,0
DA:1560,0
DA:1561,0
DA:1562,0
DA:1563,0
DA:1567,0
DA:1568,0
DA:1573,0
DA:1575,0
DA:1577,0
DA:1581,0
DA:1582,0
DA:1583,0
DA:1584,0
DA:1585,0
DA:1586,0
DA:1590,0
DA:1591,0
DA:1596,0
DA:1598,0
DA:1600,0
DA:1604,0
DA:1605,0
DA:1606,0
DA:1607,0
DA:1608,0
DA:1609,0
DA:1611,0
DA:1613,0
DA:1617,0
DA:1618,0
DA:1619,0
DA:1620,0
DA:1621,0
DA:1622,0
DA:1623,0
DA:1624,0
DA:1625,0
DA:1626,0
DA:1627,0
DA:1628,0
DA:1632,0
DA:1633,0
DA:1634,0
DA:1635,0
DA:1636,0
DA:1637,0
DA:1638,0
DA:1639,0
DA:1640,0
DA:1641,0
DA:1646,0
DA:1647,0
DA:1653,0
DA:1654,0
DA:1661,0
DA:1662,0
DA:1664,0
DA:1665,0
DA:1666,0
DA:1667,0
DA:1675,0
DA:1677,0
DA:1678,0
DA:1683,0
DA:1689,0
DA:1691,0
DA:1693,0
DA:1699,0
DA:1703,0
DA:1704,0
DA:1705,0
DA:1706,0
DA:1711,0
DA:1712,0
DA:1714,0
DA:1716,0
DA:1721,0
DA:1722,0
DA:1723,0
DA:1724,0
DA:1725,0
DA:1726,0
DA:1727,0
DA:1728,0
DA:1729,0
DA:1730,0
DA:1731,0
DA:1760,0
DA:1761,0
DA:1766,0
DA:1771,0
DA:1772,0
DA:1773,0
DA:1774,0
DA:1775,0
DA:1776,0
DA:1777,0
DA:1778,0
DA:1783,0
DA:1785,0
DA:1787,0
DA:1792,0
DA:1793,0
DA:1794,0
DA:1795,0
DA:1796,0
DA:1797,0
DA:1798,0
DA:1799,0
DA:1800,0
DA:1801,0
DA:1802,0
DA:1832,0
DA:1833,0
DA:1834,0
DA:1835,0
DA:1836,0
DA:1837,0
DA:1838,0
DA:1840,0
DA:1841,0
DA:1842,0
DA:1844,0
DA:1846,0
DA:1851,0
DA:1856,0
DA:1857,0
DA:1858,0
DA:1859,0
DA:1860,0
DA:1861,0
DA:1862,0
DA:1866,0
DA:1867,0
DA:1872,0
DA:1874,0
DA:1876,0
DA:1880,0
DA:1881,0
DA:1882,0
DA:1883,0
DA:1884,0
DA:1885,0
DA:1886,0
DA:1887,0
DA:1888,0
DA:1889,0
DA:1893,0
DA:1894,0
DA:1895,0
DA:1901,0
DA:1902,0
DA:1904,0
DA:1905,0
DA:1906,0
DA:1907,0
DA:1908,0
DA:1916,0
DA:1917,0
DA:1922,0
DA:1924,0
DA:1926,0
DA:1932,0
DA:1934,0
DA:1938,0
DA:1939,0
DA:1940,0
DA:1941,0
DA:1942,0
DA:1946,0
DA:1950,0
DA:1951,0
DA:1952,0
DA:1953,0
DA:1954,0
DA:1955,0
DA:1956,0
DA:1958,0
DA:1960,0
DA:1964,0
DA:1965,0
DA:1966,0
DA:1967,0
DA:1990,0
DA:1991,0
DA:1992,0
DA:1993,0
DA:1994,0
DA:1999,0
DA:2003,0
DA:2005,0
DA:2009,0
DA:2010,0
DA:2011,0
DA:2012,0
DA:2013,0
DA:2028,0
DA:2029,0
DA:2042,0
DA:2043,0
DA:2044,0
DA:2045,0
DA:2066,0
DA:2067,0
DA:2069,0
DA:2071,0
DA:2073,0
DA:2075,0
DA:2079,0
DA:2080,0
DA:2081,0
DA:2082,0
DA:2083,0
DA:2084,0
DA:2085,0
DA:2086,0
DA:2087,0
DA:2088,0
DA:2089,0
DA:2090,0
DA:2091,0
DA:2096,0
DA:2101,0
DA:2103,0
DA:2109,0
DA:2111,0
DA:2113,0
DA:2114,0
LF:776
LH:0
BRDA:30,0,0,0
BRDA:30,0,1,0
BRDA:30,1,0,0
BRDA:30,1,1,0
BRDA:30,1,2,0
BRDA:30,1,3,0
BRDA:34,2,0,0
BRDA:34,2,1,0
BRDA:39,3,0,0
BRDA:39,3,1,0
BRDA:43,4,0,0
BRDA:43,4,1,0
BRDA:76,5,0,0
BRDA:76,5,1,0
BRDA:76,6,0,0
BRDA:76,6,1,0
BRDA:85,7,0,0
BRDA:85,7,1,0
BRDA:96,8,0,0
BRDA:96,8,1,0
BRDA:135,9,0,0
BRDA:135,9,1,0
BRDA:135,10,0,0
BRDA:135,10,1,0
BRDA:137,11,0,0
BRDA:137,11,1,0
BRDA:142,12,0,0
BRDA:142,12,1,0
BRDA:160,13,0,0
BRDA:160,13,1,0
BRDA:160,14,0,0
BRDA:160,14,1,0
BRDA:161,15,0,0
BRDA:161,15,1,0
BRDA:179,16,0,0
BRDA:179,16,1,0
BRDA:181,17,0,0
BRDA:181,17,1,0
BRDA:200,18,0,0
BRDA:200,18,1,0
BRDA:202,19,0,0
BRDA:202,19,1,0
BRDA:220,20,0,0
BRDA:220,20,1,0
BRDA:222,21,0,0
BRDA:222,21,1,0
BRDA:223,22,0,0
BRDA:223,22,1,0
BRDA:250,23,0,0
BRDA:250,23,1,0
BRDA:251,24,0,0
BRDA:251,24,1,0
BRDA:253,25,0,0
BRDA:253,25,1,0
BRDA:253,26,0,0
BRDA:253,26,1,0
BRDA:271,27,0,0
BRDA:271,27,1,0
BRDA:273,28,0,0
BRDA:273,28,1,0
BRDA:274,29,0,0
BRDA:274,29,1,0
BRDA:314,30,0,0
BRDA:314,30,1,0
BRDA:315,31,0,0
BRDA:315,31,1,0
BRDA:317,32,0,0
BRDA:317,32,1,0
BRDA:318,33,0,0
BRDA:318,33,1,0
BRDA:369,34,0,0
BRDA:369,34,1,0
BRDA:404,35,0,0
BRDA:404,35,1,0
BRDA:405,36,0,0
BRDA:405,36,1,0
BRDA:409,37,0,0
BRDA:409,37,1,0
BRDA:409,38,0,0
BRDA:409,38,1,0
BRDA:417,39,0,0
BRDA:417,39,1,0
BRDA:418,40,0,0
BRDA:418,40,1,0
BRDA:459,41,0,0
BRDA:459,41,1,0
BRDA:465,42,0,0
BRDA:465,42,1,0
BRDA:468,43,0,0
BRDA:468,43,1,0
BRDA:490,44,0,0
BRDA:490,44,1,0
BRDA:554,45,0,0
BRDA:554,45,1,0
BRDA:557,46,0,0
BRDA:557,46,1,0
BRDA:568,47,0,0
BRDA:568,47,1,0
BRDA:571,48,0,0
BRDA:571,48,1,0
BRDA:575,49,0,0
BRDA:575,49,1,0
BRDA:592,50,0,0
BRDA:592,50,1,0
BRDA:593,51,0,0
BRDA:593,51,1,0
BRDA:604,52,0,0
BRDA:604,52,1,0
BRDA:605,53,0,0
BRDA:605,53,1,0
BRDA:606,54,0,0
BRDA:606,54,1,0
BRDA:607,55,0,0
BRDA:607,55,1,0
BRDA:650,56,0,0
BRDA:650,56,1,0
BRDA:650,57,0,0
BRDA:650,57,1,0
BRDA:663,58,0,0
BRDA:663,58,1,0
BRDA:674,59,0,0
BRDA:674,59,1,0
BRDA:677,60,0,0
BRDA:677,60,1,0
BRDA:733,61,0,0
BRDA:733,61,1,0
BRDA:750,62,0,0
BRDA:750,62,1,0
BRDA:753,63,0,0
BRDA:753,63,1,0
BRDA:753,64,0,0
BRDA:753,64,1,0
BRDA:756,65,0,0
BRDA:756,65,1,0
BRDA:761,66,0,0
BRDA:761,66,1,0
BRDA:841,67,0,0
BRDA:841,67,1,0
BRDA:848,68,0,0
BRDA:848,68,1,0
BRDA:862,69,0,0
BRDA:862,69,1,0
BRDA:907,70,0,0
BRDA:907,70,1,0
BRDA:916,71,0,0
BRDA:916,71,1,0
BRDA:944,72,0,0
BRDA:944,72,1,0
BRDA:956,73,0,0
BRDA:956,73,1,0
BRDA:958,74,0,0
BRDA:958,74,1,0
BRDA:958,75,0,0
BRDA:958,75,1,0
BRDA:967,76,0,0
BRDA:967,76,1,0
BRDA:968,77,0,0
BRDA:968,77,1,0
BRDA:968,78,0,0
BRDA:968,78,1,0
BRDA:1024,79,0,0
BRDA:1024,79,1,0
BRDA:1032,80,0,0
BRDA:1032,80,1,0
BRDA:1033,81,0,0
BRDA:1033,81,1,0
BRDA:1033,81,2,0
BRDA:1037,82,0,0
BRDA:1037,82,1,0
BRDA:1040,83,0,0
BRDA:1040,83,1,0
BRDA:1043,84,0,0
BRDA:1043,84,1,0
BRDA:1095,85,0,0
BRDA:1095,85,1,0
BRDA:1095,86,0,0
BRDA:1095,86,1,0
BRDA:1146,87,0,0
BRDA:1146,87,1,0
BRDA:1147,88,0,0
BRDA:1147,88,1,0
BRDA:1153,89,0,0
BRDA:1153,89,1,0
BRDA:1181,90,0,0
BRDA:1181,90,1,0
BRDA:1200,91,0,0
BRDA:1200,91,1,0
BRDA:1233,92,0,0
BRDA:1233,92,1,0
BRDA:1259,93,0,0
BRDA:1259,93,1,0
BRDA:1263,94,0,0
BRDA:1263,94,1,0
BRDA:1264,95,0,0
BRDA:1264,95,1,0
BRDA:1264,95,2,0
BRDA:1268,96,0,0
BRDA:1268,96,1,0
BRDA:1272,97,0,0
BRDA:1272,97,1,0
BRDA:1317,98,0,0
BRDA:1317,98,1,0
BRDA:1326,99,0,0
BRDA:1326,99,1,0
BRDA:1326,100,0,0
BRDA:1326,100,1,0
BRDA:1366,101,0,0
BRDA:1366,101,1,0
BRDA:1373,102,0,0
BRDA:1373,102,1,0
BRDA:1387,103,0,0
BRDA:1387,103,1,0
BRDA:1388,104,0,0
BRDA:1388,104,1,0
BRDA:1396,105,0,0
BRDA:1396,105,1,0
BRDA:1454,106,0,0
BRDA:1454,106,1,0
BRDA:1454,107,0,0
BRDA:1454,107,1,0
BRDA:1461,108,0,0
BRDA:1461,108,1,0
BRDA:1461,109,0,0
BRDA:1461,109,1,0
BRDA:1467,110,0,0
BRDA:1467,110,1,0
BRDA:1469,111,0,0
BRDA:1469,111,1,0
BRDA:1487,112,0,0
BRDA:1487,112,1,0
BRDA:1487,113,0,0
BRDA:1487,113,1,0
BRDA:1494,114,0,0
BRDA:1494,114,1,0
BRDA:1494,115,0,0
BRDA:1494,115,1,0
BRDA:1509,116,0,0
BRDA:1509,116,1,0
BRDA:1510,117,0,0
BRDA:1510,117,1,0
BRDA:1516,118,0,0
BRDA:1516,118,1,0
BRDA:1561,119,0,0
BRDA:1561,119,1,0
BRDA:1567,120,0,0
BRDA:1567,120,1,0
BRDA:1584,121,0,0
BRDA:1584,121,1,0
BRDA:1590,122,0,0
BRDA:1590,122,1,0
BRDA:1608,123,0,0
BRDA:1608,123,1,0
BRDA:1622,124,0,0
BRDA:1622,124,1,0
BRDA:1622,125,0,0
BRDA:1622,125,1,0
BRDA:1625,126,0,0
BRDA:1625,126,1,0
BRDA:1627,127,0,0
BRDA:1627,127,1,0
BRDA:1638,128,0,0
BRDA:1638,128,1,0
BRDA:1639,129,0,0
BRDA:1639,129,1,0
BRDA:1662,130,0,0
BRDA:1662,130,1,0
BRDA:1665,131,0,0
BRDA:1665,131,1,0
BRDA:1666,132,0,0
BRDA:1666,132,1,0
BRDA:1711,133,0,0
BRDA:1711,133,1,0
BRDA:1724,134,0,0
BRDA:1724,134,1,0
BRDA:1725,135,0,0
BRDA:1725,135,1,0
BRDA:1774,136,0,0
BRDA:1774,136,1,0
BRDA:1777,137,0,0
BRDA:1777,137,1,0
BRDA:1795,138,0,0
BRDA:1795,138,1,0
BRDA:1796,139,0,0
BRDA:1796,139,1,0
BRDA:1837,140,0,0
BRDA:1837,140,1,0
BRDA:1841,141,0,0
BRDA:1841,141,1,0
BRDA:1860,142,0,0
BRDA:1860,142,1,0
BRDA:1860,143,0,0
BRDA:1860,143,1,0
BRDA:1866,144,0,0
BRDA:1866,144,1,0
BRDA:1884,145,0,0
BRDA:1884,145,1,0
BRDA:1888,146,0,0
BRDA:1888,146,1,0
BRDA:1888,147,0,0
BRDA:1888,147,1,0
BRDA:1893,148,0,0
BRDA:1893,148,1,0
BRDA:1902,149,0,0
BRDA:1902,149,1,0
BRDA:1905,150,0,0
BRDA:1905,150,1,0
BRDA:1906,151,0,0
BRDA:1906,151,1,0
BRDA:1953,152,0,0
BRDA:1953,152,1,0
BRDA:1953,153,0,0
BRDA:1953,153,1,0
BRDA:1990,154,0,0
BRDA:1990,154,1,0
BRDA:1993,155,0,0
BRDA:1993,155,1,0
BRDA:2029,156,0,0
BRDA:2029,156,1,0
BRDA:2030,157,0,0
BRDA:2030,157,1,0
BRDA:2030,157,2,0
BRDA:2030,157,3,0
BRDA:2030,157,4,0
BRDA:2030,157,5,0
BRDA:2030,157,6,0
BRDA:2030,157,7,0
BRDA:2030,157,8,0
BRDA:2030,157,9,0
BRDA:2030,157,10,0
BRDA:2044,158,0,0
BRDA:2044,158,1,0
BRDA:2044,159,0,0
BRDA:2044,159,1,0
BRDA:2066,160,0,0
BRDA:2066,160,1,0
BRDA:2084,161,0,0
BRDA:2084,161,1,0
BRDA:2085,162,0,0
BRDA:2085,162,1,0
BRDA:2085,163,0,0
BRDA:2085,163,1,0
BRDA:2088,164,0,0
BRDA:2088,164,1,0
BRDA:2090,165,0,0
BRDA:2090,165,1,0
BRF:345
BRH:0
end_of_record
TN:
SF:vieclamtheogio\toolVLTG.js
FN:25,(anonymous_0)
FN:53,(anonymous_1)
FN:78,(anonymous_2)
FN:105,(anonymous_3)
FN:150,(anonymous_4)
FN:176,(anonymous_5)
FN:203,(anonymous_6)
FN:238,(anonymous_7)
FN:277,(anonymous_8)
FN:306,(anonymous_9)
FN:348,(anonymous_10)
FN:379,(anonymous_11)
FN:406,(anonymous_12)
FN:434,(anonymous_13)
FN:465,(anonymous_14)
FN:494,(anonymous_15)
FN:523,(anonymous_16)
FN:557,(anonymous_17)
FN:588,(anonymous_18)
FN:618,(anonymous_19)
FN:646,(anonymous_20)
FN:703,(anonymous_21)
FNF:22
FNH:0
FNDA:0,(anonymous_0)
FNDA:0,(anonymous_1)
FNDA:0,(anonymous_2)
FNDA:0,(anonymous_3)
FNDA:0,(anonymous_4)
FNDA:0,(anonymous_5)
FNDA:0,(anonymous_6)
FNDA:0,(anonymous_7)
FNDA:0,(anonymous_8)
FNDA:0,(anonymous_9)
FNDA:0,(anonymous_10)
FNDA:0,(anonymous_11)
FNDA:0,(anonymous_12)
FNDA:0,(anonymous_13)
FNDA:0,(anonymous_14)
FNDA:0,(anonymous_15)
FNDA:0,(anonymous_16)
FNDA:0,(anonymous_17)
FNDA:0,(anonymous_18)
FNDA:0,(anonymous_19)
FNDA:0,(anonymous_20)
FNDA:0,(anonymous_21)
DA:1,0
DA:2,0
DA:3,0
DA:4,0
DA:5,0
DA:6,0
DA:7,0
DA:8,0
DA:9,0
DA:10,0
DA:11,0
DA:12,0
DA:13,0
DA:14,0
DA:15,0
DA:16,0
DA:17,0
DA:18,0
DA:19,0
DA:20,0
DA:21,0
DA:22,0
DA:23,0
DA:25,0
DA:26,0
DA:27,0
DA:28,0
DA:29,0
DA:30,0
DA:31,0
DA:32,0
DA:33,0
DA:34,0
DA:41,0
DA:43,0
DA:47,0
DA:49,0
DA:53,0
DA:54,0
DA:55,0
DA:56,0
DA:57,0
DA:58,0
DA:59,0
DA:60,0
DA:61,0
DA:62,0
DA:66,0
DA:68,0
DA:72,0
DA:74,0
DA:78,0
DA:79,0
DA:80,0
DA:81,0
DA:82,0
DA:83,0
DA:84,0
DA:85,0
DA:86,0
DA:87,0
DA:93,0
DA:95,0
DA:99,0
DA:101,0
DA:105,0
DA:106,0
DA:107,0
DA:108,0
DA:109,0
DA:110,0
DA:111,0
DA:112,0
DA:113,0
DA:114,0
DA:138,0
DA:140,0
DA:144,0
DA:146,0
DA:150,0
DA:151,0
DA:152,0
DA:153,0
DA:154,0
DA:155,0
DA:156,0
DA:157,0
DA:158,0
DA:159,0
DA:164,0
DA:166,0
DA:170,0
DA:172,0
DA:176,0
DA:177,0
DA:178,0
DA:179,0
DA:180,0
DA:181,0
DA:182,0
DA:183,0
DA:184,0
DA:185,0
DA:191,0
DA:193,0
DA:197,0
DA:199,0
DA:203,0
DA:204,0
DA:205,0
DA:206,0
DA:207,0
DA:208,0
DA:209,0
DA:210,0
DA:211,0
DA:212,0
DA:225,0
DA:227,0
DA:231,0
DA:233,0
DA:238,0
DA:239,0
DA:240,0
DA:241,0
DA:242,0
DA:243,0
DA:244,0
DA:245,0
DA:246,0
DA:247,0
DA:264,0
DA:266,0
DA:270,0
DA:272,0
DA:277,0
DA:278,0
DA:279,0
DA:280,0
DA:281,0
DA:282,0
DA:283,0
DA:284,0
DA:285,0
DA:286,0
DA:293,0
DA:295,0
DA:299,0
DA:301,0
DA:306,0
DA:307,0
DA:308,0
DA:309,0
DA:310,0
DA:311,0
DA:312,0
DA:313,0
DA:314,0
DA:315,0
DA:336,0
DA:338,0
DA:342,0
DA:344,0
DA:348,0
DA:349,0
DA:350,0
DA:351,0
DA:352,0
DA:353,0
DA:354,0
DA:355,0
DA:356,0
DA:357,0
DA:367,0
DA:369,0
DA:373,0
DA:375,0
DA:379,0
DA:380,0
DA:381,0
DA:382,0
DA:383,0
DA:384,0
DA:385,0
DA:386,0
DA:387,0
DA:388,0
DA:394,0
DA:396,0
DA:400,0
DA:402,0
DA:406,0
DA:407,0
DA:408,0
DA:409,0
DA:410,0
DA:411,0
DA:412,0
DA:413,0
DA:414,0
DA:415,0
DA:422,0
DA:424,0
DA:428,0
DA:430,0
DA:434,0
DA:435,0
DA:436,0
DA:437,0
DA:438,0
DA:439,0
DA:440,0
DA:441,0
DA:442,0
DA:443,0
DA:453,0
DA:455,0
DA:459,0
DA:461,0
DA:465,0
DA:466,0
DA:467,0
DA:468,0
DA:469,0
DA:470,0
DA:471,0
DA:472,0
DA:473,0
DA:474,0
DA:482,0
DA:484,0
DA:488,0
DA:490,0
DA:494,0
DA:495,0
DA:496,0
DA:497,0
DA:498,0
DA:499,0
DA:500,0
DA:501,0
DA:502,0
DA:503,0
DA:511,0
DA:513,0
DA:517,0
DA:519,0
DA:523,0
DA:524,0
DA:525,0
DA:526,0
DA:527,0
DA:528,0
DA:529,0
DA:530,0
DA:531,0
DA:532,0
DA:544,0
DA:546,0
DA:550,0
DA:552,0
DA:557,0
DA:558,0
DA:559,0
DA:560,0
DA:561,0
DA:562,0
DA:563,0
DA:564,0
DA:565,0
DA:566,0
DA:576,0
DA:578,0
DA:582,0
DA:584,0
DA:588,0
DA:589,0
DA:590,0
DA:591,0
DA:592,0
DA:593,0
DA:594,0
DA:595,0
DA:596,0
DA:597,0
DA:606,0
DA:608,0
DA:612,0
DA:614,0
DA:618,0
DA:619,0
DA:620,0
DA:621,0
DA:622,0
DA:623,0
DA:624,0
DA:625,0
DA:626,0
DA:627,0
DA:634,0
DA:636,0
DA:640,0
DA:642,0
DA:646,0
DA:647,0
DA:648,0
DA:649,0
DA:650,0
DA:651,0
DA:652,0
DA:653,0
DA:654,0
DA:655,0
DA:656,0
DA:691,0
DA:693,0
DA:697,0
DA:699,0
DA:703,0
DA:704,0
DA:705,0
DA:706,0
DA:707,0
DA:708,0
DA:709,0
DA:710,0
DA:711,0
DA:712,0
DA:718,0
DA:720,0
DA:724,0
DA:726,0
LF:332
LH:0
BRDA:32,0,0,0
BRDA:32,0,1,0
BRDA:32,1,0,0
BRDA:32,1,1,0
BRDA:60,2,0,0
BRDA:60,2,1,0
BRDA:60,3,0,0
BRDA:60,3,1,0
BRDA:85,4,0,0
BRDA:85,4,1,0
BRDA:85,5,0,0
BRDA:85,5,1,0
BRDA:112,6,0,0
BRDA:112,6,1,0
BRDA:112,7,0,0
BRDA:112,7,1,0
BRDA:157,8,0,0
BRDA:157,8,1,0
BRDA:157,9,0,0
BRDA:157,9,1,0
BRDA:183,10,0,0
BRDA:183,10,1,0
BRDA:183,11,0,0
BRDA:183,11,1,0
BRDA:210,12,0,0
BRDA:210,12,1,0
BRDA:210,13,0,0
BRDA:210,13,1,0
BRDA:245,14,0,0
BRDA:245,14,1,0
BRDA:245,15,0,0
BRDA:245,15,1,0
BRDA:284,16,0,0
BRDA:284,16,1,0
BRDA:284,17,0,0
BRDA:284,17,1,0
BRDA:313,18,0,0
BRDA:313,18,1,0
BRDA:313,19,0,0
BRDA:313,19,1,0
BRDA:355,20,0,0
BRDA:355,20,1,0
BRDA:355,21,0,0
BRDA:355,21,1,0
BRDA:386,22,0,0
BRDA:386,22,1,0
BRDA:386,23,0,0
BRDA:386,23,1,0
BRDA:413,24,0,0
BRDA:413,24,1,0
BRDA:413,25,0,0
BRDA:413,25,1,0
BRDA:441,26,0,0
BRDA:441,26,1,0
BRDA:441,27,0,0
BRDA:441,27,1,0
BRDA:472,28,0,0
BRDA:472,28,1,0
BRDA:472,29,0,0
BRDA:472,29,1,0
BRDA:501,30,0,0
BRDA:501,30,1,0
BRDA:501,31,0,0
BRDA:501,31,1,0
BRDA:530,32,0,0
BRDA:530,32,1,0
BRDA:530,33,0,0
BRDA:530,33,1,0
BRDA:564,34,0,0
BRDA:564,34,1,0
BRDA:564,35,0,0
BRDA:564,35,1,0
BRDA:595,36,0,0
BRDA:595,36,1,0
BRDA:595,37,0,0
BRDA:595,37,1,0
BRDA:625,38,0,0
BRDA:625,38,1,0
BRDA:625,39,0,0
BRDA:625,39,1,0
BRDA:653,40,0,0
BRDA:653,40,1,0
BRDA:653,41,0,0
BRDA:653,41,1,0
BRDA:655,42,0,0
BRDA:655,42,1,0
BRDA:655,43,0,0
BRDA:655,43,1,0
BRDA:710,44,0,0
BRDA:710,44,1,0
BRDA:710,45,0,0
BRDA:710,45,1,0
BRF:92
BRH:0
end_of_record
TN:
SF:vieclamtheogio\viecLam.js
FN:13,(anonymous_0)
FN:325,(anonymous_1)
FN:343,(anonymous_2)
FN:491,(anonymous_3)
FN:502,(anonymous_4)
FN:515,(anonymous_5)
FN:535,(anonymous_6)
FN:551,(anonymous_7)
FN:664,(anonymous_8)
FN:714,(anonymous_9)
FN:775,(anonymous_10)
FN:833,(anonymous_11)
FNF:12
FNH:0
FNDA:0,(anonymous_0)
FNDA:0,(anonymous_1)
FNDA:0,(anonymous_2)
FNDA:0,(anonymous_3)
FNDA:0,(anonymous_4)
FNDA:0,(anonymous_5)
FNDA:0,(anonymous_6)
FNDA:0,(anonymous_7)
FNDA:0,(anonymous_8)
FNDA:0,(anonymous_9)
FNDA:0,(anonymous_10)
FNDA:0,(anonymous_11)
DA:1,0
DA:2,0
DA:3,0
DA:4,0
DA:5,0
DA:6,0
DA:7,0
DA:8,0
DA:9,0
DA:10,0
DA:13,0
DA:14,0
DA:16,0
DA:17,0
DA:18,0
DA:19,0
DA:20,0
DA:21,0
DA:22,0
DA:23,0
DA:24,0
DA:25,0
DA:26,0
DA:27,0
DA:28,0
DA:29,0
DA:30,0
DA:32,0
DA:34,0
DA:35,0
DA:36,0
DA:37,0
DA:39,0
DA:40,0
DA:41,0
DA:45,0
DA:47,0
DA:48,0
DA:49,0
DA:50,0
DA:53,0
DA:54,0
DA:55,0
DA:56,0
DA:57,0
DA:59,0
DA:60,0
DA:61,0
DA:62,0
DA:63,0
DA:64,0
DA:66,0
DA:67,0
DA:73,0
DA:118,0
DA:119,0
DA:120,0
DA:121,0
DA:122,0
DA:127,0
DA:128,0
DA:133,0
DA:134,0
DA:135,0
DA:136,0
DA:137,0
DA:138,0
DA:142,0
DA:143,0
DA:148,0
DA:149,0
DA:151,0
DA:154,0
DA:159,0
DA:197,0
DA:198,0
DA:199,0
DA:200,0
DA:201,0
DA:206,0
DA:208,0
DA:209,0
DA:213,0
DA:214,0
DA:218,0
DA:221,0
DA:224,0
DA:295,0
DA:296,0
DA:301,0
DA:302,0
DA:303,0
DA:304,0
DA:305,0
DA:306,0
DA:307,0
DA:308,0
DA:309,0
DA:310,0
DA:313,0
DA:314,0
DA:320,0
DA:321,0
DA:325,0
DA:326,0
DA:327,0
DA:333,0
DA:339,0
DA:343,0
DA:344,0
DA:345,0
DA:346,0
DA:347,0
DA:348,0
DA:349,0
DA:350,0
DA:351,0
DA:352,0
DA:353,0
DA:356,0
DA:358,0
DA:359,0
DA:370,0
DA:371,0
DA:373,0
DA:374,0
DA:376,0
DA:418,0
DA:421,0
DA:461,0
DA:462,0
DA:463,0
DA:469,0
DA:474,0
DA:480,0
DA:487,0
DA:491,0
DA:492,0
DA:493,0
DA:494,0
DA:495,0
DA:496,0
DA:499,0
DA:500,0
DA:501,0
DA:502,0
DA:503,0
DA:510,0
DA:514,0
DA:515,0
DA:516,0
DA:517,0
DA:518,0
DA:519,0
DA:521,0
DA:523,0
DA:526,0
DA:527,0
DA:533,0
DA:534,0
DA:535,0
DA:537,0
DA:538,0
DA:539,0
DA:541,0
DA:547,0
DA:551,0
DA:552,0
DA:554,0
DA:556,0
DA:557,0
DA:558,0
DA:559,0
DA:560,0
DA:562,0
DA:563,0
DA:564,0
DA:567,0
DA:569,0
DA:570,0
DA:571,0
DA:572,0
DA:573,0
DA:574,0
DA:575,0
DA:578,0
DA:580,0
DA:581,0
DA:582,0
DA:583,0
DA:585,0
DA:586,0
DA:588,0
DA:589,0
DA:590,0
DA:592,0
DA:593,0
DA:594,0
DA:598,0
DA:600,0
DA:601,0
DA:602,0
DA:603,0
DA:605,0
DA:644,0
DA:645,0
DA:646,0
DA:652,0
DA:654,0
DA:660,0
DA:664,0
DA:665,0
DA:666,0
DA:667,0
DA:668,0
DA:669,0
DA:670,0
DA:671,0
DA:672,0
DA:704,0
DA:706,0
DA:710,0
DA:714,0
DA:715,0
DA:716,0
DA:717,0
DA:718,0
DA:725,0
DA:726,0
DA:731,0
DA:732,0
DA:764,0
DA:765,0
DA:767,0
DA:771,0
DA:775,0
DA:776,0
DA:777,0
DA:778,0
DA:779,0
DA:780,0
DA:781,0
DA:782,0
DA:787,0
DA:788,0
DA:789,0
DA:821,0
DA:822,0
DA:823,0
DA:825,0
DA:829,0
DA:833,0
DA:834,0
DA:835,0
DA:836,0
DA:837,0
DA:838,0
DA:839,0
DA:840,0
DA:841,0
DA:842,0
DA:843,0
DA:857,0
DA:858,0
DA:863,0
DA:864,0
DA:883,0
DA:928,0
DA:930,0
DA:931,0
DA:932,0
DA:933,0
DA:934,0
DA:935,0
DA:936,0
DA:937,0
DA:941,0
DA:942,0
DA:947,0
DA:949,0
DA:950,0
DA:956,0
DA:958,0
DA:960,0
LF:284
LH:0
BRDA:17,0,0,0
BRDA:17,0,1,0
BRDA:18,1,0,0
BRDA:18,1,1,0
BRDA:26,2,0,0
BRDA:26,2,1,0
BRDA:34,3,0,0
BRDA:34,3,1,0
BRDA:37,4,0,0
BRDA:37,4,1,0
BRDA:39,5,0,0
BRDA:39,5,1,0
BRDA:45,6,0,0
BRDA:45,6,1,0
BRDA:47,7,0,0
BRDA:47,7,1,0
BRDA:50,8,0,0
BRDA:50,8,1,0
BRDA:59,9,0,0
BRDA:59,9,1,0
BRDA:63,10,0,0
BRDA:63,10,1,0
BRDA:63,11,0,0
BRDA:63,11,1,0
BRDA:64,12,0,0
BRDA:64,12,1,0
BRDA:120,13,0,0
BRDA:120,13,1,0
BRDA:137,14,0,0
BRDA:137,14,1,0
BRDA:142,15,0,0
BRDA:142,15,1,0
BRDA:199,16,0,0
BRDA:199,16,1,0
BRDA:208,17,0,0
BRDA:208,17,1,0
BRDA:213,18,0,0
BRDA:213,18,1,0
BRDA:218,19,0,0
BRDA:218,19,1,0
BRDA:307,20,0,0
BRDA:307,20,1,0
BRDA:346,21,0,0
BRDA:346,21,1,0
BRDA:347,22,0,0
BRDA:347,22,1,0
BRDA:356,23,0,0
BRDA:356,23,1,0
BRDA:356,24,0,0
BRDA:356,24,1,0
BRDA:370,25,0,0
BRDA:370,25,1,0
BRDA:516,26,0,0
BRDA:516,26,1,0
BRDA:519,27,0,0
BRDA:519,27,1,0
BRDA:537,28,0,0
BRDA:537,28,1,0
BRDA:556,29,0,0
BRDA:556,29,1,0
BRDA:557,30,0,0
BRDA:557,30,1,0
BRDA:570,31,0,0
BRDA:570,31,1,0
BRDA:580,32,0,0
BRDA:580,32,1,0
BRDA:583,33,0,0
BRDA:583,33,1,0
BRDA:585,34,0,0
BRDA:585,34,1,0
BRDA:586,35,0,0
BRDA:586,35,1,0
BRDA:590,36,0,0
BRDA:590,36,1,0
BRDA:592,37,0,0
BRDA:592,37,1,0
BRDA:598,38,0,0
BRDA:598,38,1,0
BRDA:600,39,0,0
BRDA:600,39,1,0
BRDA:603,40,0,0
BRDA:603,40,1,0
BRDA:788,41,0,0
BRDA:788,41,1,0
BRDA:836,42,0,0
BRDA:836,42,1,0
BRDA:837,43,0,0
BRDA:837,43,1,0
BRDA:841,44,0,0
BRDA:841,44,1,0
BRDA:857,45,0,0
BRDA:857,45,1,0
BRDA:932,46,0,0
BRDA:932,46,1,0
BRDA:936,47,0,0
BRDA:936,47,1,0
BRDA:941,48,0,0
BRDA:941,48,1,0
BRF:98
BRH:0
end_of_record
